[0.074s] DEBUG:colcon:Command line arguments: ['/usr/bin/colcon', 'build']
[0.074s] DEBUG:colcon:Parsed command line arguments: Namespace(log_base=None, log_level=None, verb_name='build', build_base='build', install_base='install', merge_install=False, symlink_install=False, test_result_base=None, continue_on_error=False, executor='sequential', event_handlers=None, base_paths=['.'], paths=None, cmake_args=None, cmake_target=None, cmake_target_skip_unavailable=False, cmake_clean_cache=False, cmake_clean_first=False, cmake_force_configure=False, ament_cmake_args=None, catkin_cmake_args=None, catkin_skip_building_tests=False, verb_parser=CustomArgumentParser(prog='colcon build', usage=None, description='Build a set of packages.', formatter_class=<class 'colcon_core.command.CustomFormatter'>, conflict_handler='error', add_help=True), verb_extension=<colcon_core.verb.build.BuildVerb object at 0x7f26439f9b40>, main=<bound method BuildVerb.main of <colcon_core.verb.build.BuildVerb object at 0x7f26439f9b40>>)
[0.313s] Level 1:colcon.colcon_core.package_discovery:discover_packages(recursive) check parameters
[0.313s] Level 1:colcon.colcon_core.package_discovery:discover_packages(path) check parameters
[0.313s] Level 1:colcon.colcon_core.package_discovery:discover_packages(recursive) discover
[0.313s] INFO:colcon.colcon_core.package_discovery:Crawling recursively for packages in '/afs/inf.ed.ac.uk/user/s27/s2761803/Desktop/MOB/mob-rob-cw1'
[0.313s] Level 1:colcon.colcon_core.package_identification:_identify(.) by extensions ['ignore', 'ignore_ament_install']
[0.314s] Level 1:colcon.colcon_core.package_identification:_identify(.) by extension 'ignore'
[0.314s] Level 1:colcon.colcon_core.package_identification:_identify(.) by extension 'ignore_ament_install'
[0.314s] Level 1:colcon.colcon_core.package_identification:_identify(.) by extensions ['ros']
[0.314s] Level 1:colcon.colcon_core.package_identification:_identify(.) by extension 'ros'
[0.323s] Level 1:colcon.colcon_core.package_identification:_identify(.) by extensions ['cmake', 'python']
[0.323s] Level 1:colcon.colcon_core.package_identification:_identify(.) by extension 'cmake'
[0.324s] Level 1:colcon.colcon_core.package_identification:_identify(.) by extension 'python'
[0.324s] Level 1:colcon.colcon_core.package_identification:_identify(.) by extensions ['python_setup_py']
[0.324s] Level 1:colcon.colcon_core.package_identification:_identify(.) by extension 'python_setup_py'
[0.324s] Level 1:colcon.colcon_core.package_identification:_identify(build) by extensions ['ignore', 'ignore_ament_install']
[0.324s] Level 1:colcon.colcon_core.package_identification:_identify(build) by extension 'ignore'
[0.324s] Level 1:colcon.colcon_core.package_identification:_identify(build) ignored
[0.324s] Level 1:colcon.colcon_core.package_identification:_identify(install) by extensions ['ignore', 'ignore_ament_install']
[0.324s] Level 1:colcon.colcon_core.package_identification:_identify(install) by extension 'ignore'
[0.324s] Level 1:colcon.colcon_core.package_identification:_identify(install) ignored
[0.324s] Level 1:colcon.colcon_core.package_identification:_identify(log) by extensions ['ignore', 'ignore_ament_install']
[0.324s] Level 1:colcon.colcon_core.package_identification:_identify(log) by extension 'ignore'
[0.324s] Level 1:colcon.colcon_core.package_identification:_identify(log) ignored
[0.325s] Level 1:colcon.colcon_core.package_identification:_identify(rosbag2_2024_10_30-17_18_38) by extensions ['ignore', 'ignore_ament_install']
[0.325s] Level 1:colcon.colcon_core.package_identification:_identify(rosbag2_2024_10_30-17_18_38) by extension 'ignore'
[0.325s] Level 1:colcon.colcon_core.package_identification:_identify(rosbag2_2024_10_30-17_18_38) by extension 'ignore_ament_install'
[0.325s] Level 1:colcon.colcon_core.package_identification:_identify(rosbag2_2024_10_30-17_18_38) by extensions ['ros']
[0.325s] Level 1:colcon.colcon_core.package_identification:_identify(rosbag2_2024_10_30-17_18_38) by extension 'ros'
[0.325s] Level 1:colcon.colcon_core.package_identification:_identify(rosbag2_2024_10_30-17_18_38) by extensions ['cmake', 'python']
[0.325s] Level 1:colcon.colcon_core.package_identification:_identify(rosbag2_2024_10_30-17_18_38) by extension 'cmake'
[0.325s] Level 1:colcon.colcon_core.package_identification:_identify(rosbag2_2024_10_30-17_18_38) by extension 'python'
[0.325s] Level 1:colcon.colcon_core.package_identification:_identify(rosbag2_2024_10_30-17_18_38) by extensions ['python_setup_py']
[0.325s] Level 1:colcon.colcon_core.package_identification:_identify(rosbag2_2024_10_30-17_18_38) by extension 'python_setup_py'
[0.325s] Level 1:colcon.colcon_core.package_identification:_identify(src) by extensions ['ignore', 'ignore_ament_install']
[0.325s] Level 1:colcon.colcon_core.package_identification:_identify(src) by extension 'ignore'
[0.325s] Level 1:colcon.colcon_core.package_identification:_identify(src) by extension 'ignore_ament_install'
[0.325s] Level 1:colcon.colcon_core.package_identification:_identify(src) by extensions ['ros']
[0.325s] Level 1:colcon.colcon_core.package_identification:_identify(src) by extension 'ros'
[0.325s] Level 1:colcon.colcon_core.package_identification:_identify(src) by extensions ['cmake', 'python']
[0.326s] Level 1:colcon.colcon_core.package_identification:_identify(src) by extension 'cmake'
[0.326s] Level 1:colcon.colcon_core.package_identification:_identify(src) by extension 'python'
[0.326s] Level 1:colcon.colcon_core.package_identification:_identify(src) by extensions ['python_setup_py']
[0.326s] Level 1:colcon.colcon_core.package_identification:_identify(src) by extension 'python_setup_py'
[0.326s] Level 1:colcon.colcon_core.package_identification:_identify(src/Stage) by extensions ['ignore', 'ignore_ament_install']
[0.326s] Level 1:colcon.colcon_core.package_identification:_identify(src/Stage) by extension 'ignore'
[0.326s] Level 1:colcon.colcon_core.package_identification:_identify(src/Stage) by extension 'ignore_ament_install'
[0.326s] Level 1:colcon.colcon_core.package_identification:_identify(src/Stage) by extensions ['ros']
[0.326s] Level 1:colcon.colcon_core.package_identification:_identify(src/Stage) by extension 'ros'
[0.326s] Level 1:colcon.colcon_core.package_identification:_identify(src/Stage) by extensions ['cmake', 'python']
[0.326s] Level 1:colcon.colcon_core.package_identification:_identify(src/Stage) by extension 'cmake'
[0.330s] Level 1:colcon.colcon_core.package_identification:_identify(src/Stage) by extension 'python'
[0.330s] DEBUG:colcon.colcon_core.package_identification:Package 'src/Stage' with type 'cmake' and name 'Stage'
[0.330s] Level 1:colcon.colcon_core.package_identification:_identify(src/pf_localisation) by extensions ['ignore', 'ignore_ament_install']
[0.330s] Level 1:colcon.colcon_core.package_identification:_identify(src/pf_localisation) by extension 'ignore'
[0.330s] Level 1:colcon.colcon_core.package_identification:_identify(src/pf_localisation) by extension 'ignore_ament_install'
[0.330s] Level 1:colcon.colcon_core.package_identification:_identify(src/pf_localisation) by extensions ['ros']
[0.330s] Level 1:colcon.colcon_core.package_identification:_identify(src/pf_localisation) by extension 'ros'
[0.332s] DEBUG:colcon.colcon_core.package_identification:Package 'src/pf_localisation' with type 'ros.ament_cmake' and name 'pf_localisation'
[0.332s] Level 1:colcon.colcon_core.package_identification:_identify(src/socspioneer) by extensions ['ignore', 'ignore_ament_install']
[0.333s] Level 1:colcon.colcon_core.package_identification:_identify(src/socspioneer) by extension 'ignore'
[0.333s] Level 1:colcon.colcon_core.package_identification:_identify(src/socspioneer) by extension 'ignore_ament_install'
[0.333s] Level 1:colcon.colcon_core.package_identification:_identify(src/socspioneer) by extensions ['ros']
[0.333s] Level 1:colcon.colcon_core.package_identification:_identify(src/socspioneer) by extension 'ros'
[0.333s] DEBUG:colcon.colcon_core.package_identification:Package 'src/socspioneer' with type 'ros.ament_python' and name 'socspioneer'
[0.333s] Level 1:colcon.colcon_core.package_identification:_identify(src/stage_ros2) by extensions ['ignore', 'ignore_ament_install']
[0.333s] Level 1:colcon.colcon_core.package_identification:_identify(src/stage_ros2) by extension 'ignore'
[0.333s] Level 1:colcon.colcon_core.package_identification:_identify(src/stage_ros2) by extension 'ignore_ament_install'
[0.334s] Level 1:colcon.colcon_core.package_identification:_identify(src/stage_ros2) by extensions ['ros']
[0.334s] Level 1:colcon.colcon_core.package_identification:_identify(src/stage_ros2) by extension 'ros'
[0.334s] DEBUG:colcon.colcon_core.package_identification:Package 'src/stage_ros2' with type 'ros.ament_cmake' and name 'stage_ros2'
[0.334s] Level 1:colcon.colcon_core.package_discovery:discover_packages(recursive) using defaults
[0.334s] Level 1:colcon.colcon_core.package_discovery:discover_packages(path) discover
[0.334s] Level 1:colcon.colcon_core.package_discovery:discover_packages(path) using defaults
[0.363s] Level 5:colcon.colcon_core.verb:set package 'Stage' build argument 'cmake_args' from command line to 'None'
[0.363s] Level 5:colcon.colcon_core.verb:set package 'Stage' build argument 'cmake_target' from command line to 'None'
[0.363s] Level 5:colcon.colcon_core.verb:set package 'Stage' build argument 'cmake_target_skip_unavailable' from command line to 'False'
[0.363s] Level 5:colcon.colcon_core.verb:set package 'Stage' build argument 'cmake_clean_cache' from command line to 'False'
[0.364s] Level 5:colcon.colcon_core.verb:set package 'Stage' build argument 'cmake_clean_first' from command line to 'False'
[0.364s] Level 5:colcon.colcon_core.verb:set package 'Stage' build argument 'cmake_force_configure' from command line to 'False'
[0.364s] Level 5:colcon.colcon_core.verb:set package 'Stage' build argument 'ament_cmake_args' from command line to 'None'
[0.364s] Level 5:colcon.colcon_core.verb:set package 'Stage' build argument 'catkin_cmake_args' from command line to 'None'
[0.364s] Level 5:colcon.colcon_core.verb:set package 'Stage' build argument 'catkin_skip_building_tests' from command line to 'False'
[0.364s] DEBUG:colcon.colcon_core.verb:Building package 'Stage' with the following arguments: {'ament_cmake_args': None, 'build_base': '/afs/inf.ed.ac.uk/user/s27/s2761803/Desktop/MOB/mob-rob-cw1/build/Stage', 'catkin_cmake_args': None, 'catkin_skip_building_tests': False, 'cmake_args': None, 'cmake_clean_cache': False, 'cmake_clean_first': False, 'cmake_force_configure': False, 'cmake_target': None, 'cmake_target_skip_unavailable': False, 'install_base': '/afs/inf.ed.ac.uk/user/s27/s2761803/Desktop/MOB/mob-rob-cw1/install/Stage', 'merge_install': False, 'path': '/afs/inf.ed.ac.uk/user/s27/s2761803/Desktop/MOB/mob-rob-cw1/src/Stage', 'symlink_install': False, 'test_result_base': None}
[0.364s] Level 5:colcon.colcon_core.verb:set package 'pf_localisation' build argument 'cmake_args' from command line to 'None'
[0.364s] Level 5:colcon.colcon_core.verb:set package 'pf_localisation' build argument 'cmake_target' from command line to 'None'
[0.364s] Level 5:colcon.colcon_core.verb:set package 'pf_localisation' build argument 'cmake_target_skip_unavailable' from command line to 'False'
[0.364s] Level 5:colcon.colcon_core.verb:set package 'pf_localisation' build argument 'cmake_clean_cache' from command line to 'False'
[0.364s] Level 5:colcon.colcon_core.verb:set package 'pf_localisation' build argument 'cmake_clean_first' from command line to 'False'
[0.364s] Level 5:colcon.colcon_core.verb:set package 'pf_localisation' build argument 'cmake_force_configure' from command line to 'False'
[0.364s] Level 5:colcon.colcon_core.verb:set package 'pf_localisation' build argument 'ament_cmake_args' from command line to 'None'
[0.364s] Level 5:colcon.colcon_core.verb:set package 'pf_localisation' build argument 'catkin_cmake_args' from command line to 'None'
[0.364s] Level 5:colcon.colcon_core.verb:set package 'pf_localisation' build argument 'catkin_skip_building_tests' from command line to 'False'
[0.364s] DEBUG:colcon.colcon_core.verb:Building package 'pf_localisation' with the following arguments: {'ament_cmake_args': None, 'build_base': '/afs/inf.ed.ac.uk/user/s27/s2761803/Desktop/MOB/mob-rob-cw1/build/pf_localisation', 'catkin_cmake_args': None, 'catkin_skip_building_tests': False, 'cmake_args': None, 'cmake_clean_cache': False, 'cmake_clean_first': False, 'cmake_force_configure': False, 'cmake_target': None, 'cmake_target_skip_unavailable': False, 'install_base': '/afs/inf.ed.ac.uk/user/s27/s2761803/Desktop/MOB/mob-rob-cw1/install/pf_localisation', 'merge_install': False, 'path': '/afs/inf.ed.ac.uk/user/s27/s2761803/Desktop/MOB/mob-rob-cw1/src/pf_localisation', 'symlink_install': False, 'test_result_base': None}
[0.365s] Level 5:colcon.colcon_core.verb:set package 'socspioneer' build argument 'cmake_args' from command line to 'None'
[0.365s] Level 5:colcon.colcon_core.verb:set package 'socspioneer' build argument 'cmake_target' from command line to 'None'
[0.365s] Level 5:colcon.colcon_core.verb:set package 'socspioneer' build argument 'cmake_target_skip_unavailable' from command line to 'False'
[0.365s] Level 5:colcon.colcon_core.verb:set package 'socspioneer' build argument 'cmake_clean_cache' from command line to 'False'
[0.365s] Level 5:colcon.colcon_core.verb:set package 'socspioneer' build argument 'cmake_clean_first' from command line to 'False'
[0.365s] Level 5:colcon.colcon_core.verb:set package 'socspioneer' build argument 'cmake_force_configure' from command line to 'False'
[0.365s] Level 5:colcon.colcon_core.verb:set package 'socspioneer' build argument 'ament_cmake_args' from command line to 'None'
[0.365s] Level 5:colcon.colcon_core.verb:set package 'socspioneer' build argument 'catkin_cmake_args' from command line to 'None'
[0.365s] Level 5:colcon.colcon_core.verb:set package 'socspioneer' build argument 'catkin_skip_building_tests' from command line to 'False'
[0.365s] DEBUG:colcon.colcon_core.verb:Building package 'socspioneer' with the following arguments: {'ament_cmake_args': None, 'build_base': '/afs/inf.ed.ac.uk/user/s27/s2761803/Desktop/MOB/mob-rob-cw1/build/socspioneer', 'catkin_cmake_args': None, 'catkin_skip_building_tests': False, 'cmake_args': None, 'cmake_clean_cache': False, 'cmake_clean_first': False, 'cmake_force_configure': False, 'cmake_target': None, 'cmake_target_skip_unavailable': False, 'install_base': '/afs/inf.ed.ac.uk/user/s27/s2761803/Desktop/MOB/mob-rob-cw1/install/socspioneer', 'merge_install': False, 'path': '/afs/inf.ed.ac.uk/user/s27/s2761803/Desktop/MOB/mob-rob-cw1/src/socspioneer', 'symlink_install': False, 'test_result_base': None}
[0.365s] Level 5:colcon.colcon_core.verb:set package 'stage_ros2' build argument 'cmake_args' from command line to 'None'
[0.365s] Level 5:colcon.colcon_core.verb:set package 'stage_ros2' build argument 'cmake_target' from command line to 'None'
[0.365s] Level 5:colcon.colcon_core.verb:set package 'stage_ros2' build argument 'cmake_target_skip_unavailable' from command line to 'False'
[0.365s] Level 5:colcon.colcon_core.verb:set package 'stage_ros2' build argument 'cmake_clean_cache' from command line to 'False'
[0.365s] Level 5:colcon.colcon_core.verb:set package 'stage_ros2' build argument 'cmake_clean_first' from command line to 'False'
[0.365s] Level 5:colcon.colcon_core.verb:set package 'stage_ros2' build argument 'cmake_force_configure' from command line to 'False'
[0.365s] Level 5:colcon.colcon_core.verb:set package 'stage_ros2' build argument 'ament_cmake_args' from command line to 'None'
[0.365s] Level 5:colcon.colcon_core.verb:set package 'stage_ros2' build argument 'catkin_cmake_args' from command line to 'None'
[0.365s] Level 5:colcon.colcon_core.verb:set package 'stage_ros2' build argument 'catkin_skip_building_tests' from command line to 'False'
[0.365s] DEBUG:colcon.colcon_core.verb:Building package 'stage_ros2' with the following arguments: {'ament_cmake_args': None, 'build_base': '/afs/inf.ed.ac.uk/user/s27/s2761803/Desktop/MOB/mob-rob-cw1/build/stage_ros2', 'catkin_cmake_args': None, 'catkin_skip_building_tests': False, 'cmake_args': None, 'cmake_clean_cache': False, 'cmake_clean_first': False, 'cmake_force_configure': False, 'cmake_target': None, 'cmake_target_skip_unavailable': False, 'install_base': '/afs/inf.ed.ac.uk/user/s27/s2761803/Desktop/MOB/mob-rob-cw1/install/stage_ros2', 'merge_install': False, 'path': '/afs/inf.ed.ac.uk/user/s27/s2761803/Desktop/MOB/mob-rob-cw1/src/stage_ros2', 'symlink_install': False, 'test_result_base': None}
[0.366s] INFO:colcon.colcon_core.executor:Executing jobs using 'sequential' executor
[0.366s] DEBUG:colcon.colcon_core.executor.sequential:run_until_complete 'Stage'
[0.366s] INFO:colcon.colcon_cmake.task.cmake.build:Building CMake package in '/afs/inf.ed.ac.uk/user/s27/s2761803/Desktop/MOB/mob-rob-cw1/src/Stage'
[0.367s] INFO:colcon.colcon_core.plugin_system:Skipping extension 'colcon_core.shell.bat': Not used on non-Windows systems
[0.367s] DEBUG:colcon.colcon_core.shell:Skip shell extension 'dsv' for command environment
[0.383s] DEBUG:colcon.colcon_core.event_handler.log_command:Invoking command in '/afs/inf.ed.ac.uk/user/s27/s2761803/Desktop/MOB/mob-rob-cw1/build/Stage': BASH=/bin/sh TERM_PROGRAM=${TERM_PROGRAM}
BASH_FUNC_rvirsh%%=() {  KVMHOST=$1;
 shift;
 if [ "$KVMHOST" ]; then
 if [ "$KVMHOST" = "." ]; then
 URI="qemu:///system";
 else
 URI="qemu+ssh://$KVMHOST/system";
 fi;
 else
 URI="qemu:///system";
 fi;
 virsh --connect $URI $@
}
BASH_FUNC_ml%%=() {  module ml "$@"
}
BASH_FUNC_module%%=() {  eval `/usr/bin/tclsh8.6 /usr/lib/x86_64-linux-gnu/modulecmd.tcl sh "$@"`;
 _mlstatus=$?;
 return $_mlstatus
}
BASH_FUNC_resize%%=() {  eval `command resize`
}
BASH_FUNC_command_not_found_handle%%=() {  unset command_not_found_handle;
 if [[ "$IFS" != '
' ]]; then
 _command_not_found $*;
 fi;
 function dbg ()
 {
 [[ -n $CRICHTON_DEBUG ]] && echo $1 1>&2
 };
 SORT="/usr/bin/_SortBashRC";
 PATTERN='[0-9][0-9][0-9].*';
 if [[ -n $CRICHTON_DEBUG ]]; then
 modules=$($SORT $CRICHTON_SYS/$PATTERN $CRICHTON_USR/$PATTERN);
 else
 modules=$($SORT $CRICHTON_SYS/$PATTERN $CRICHTON_USR/$PATTERN 2>&-);
 fi;
 dbg "- Found $(/bin/echo $modules | /usr/bin/wc -w 2>&-) modules.";
 for mod in ${modules} _command_not_found;
 do
 dbg "-- $(/bin/basename $mod 2>&-)";
 CRICHTON_SYS=$CRICHTON_SYS CRICHTON_USR=$CRICHTON_USR "$mod" $*;
 exit=$?;
 dbg "[exit $exit]";
 [[ $exit == 255 ]] && {
 _command_not_found $1;
 break
 };
 [[ $exit == 0 ]] && break;
 done;
 return 127
}
BASH_FUNC_setpath%%=() {  if [ -f /usr/bin/pathfix ]; then
 pathfix_binary=/usr/bin/pathfix;
 else
 pathfix_binary=/usr/local/bin/pathfix;
 fi;
 new_PATH=`$pathfix_binary $@`;
 [ "$new_PATH" ] && PATH="$new_PATH";
 export PATH
}
BASH_FUNC__command_not_found%%=() {  echo "bash: $1: command not found" 1>&2
}
BASH_FUNC_colloq%%=() {  more /usr/local/alert/misc/coll
}
BASH_FUNC_gnu%%=() {  command gnu -u $LOGNAME $*
}
BASH_FUNC_purge%%=() {  rm -f *~ .*~ \#*\# tmp*
}
BASH_FUNC_setup%%=() {  source /usr/local/share/setup/setup.sh $*
} _=/usr/bin/env /usr/bin/cmake --build /afs/inf.ed.ac.uk/user/s27/s2761803/Desktop/MOB/mob-rob-cw1/build/Stage -- -j6 -l6
[1.048s] DEBUG:colcon.colcon_core.event_handler.log_command:Invoked command in '/afs/inf.ed.ac.uk/user/s27/s2761803/Desktop/MOB/mob-rob-cw1/build/Stage' returned '0': BASH=/bin/sh TERM_PROGRAM=${TERM_PROGRAM}
BASH_FUNC_rvirsh%%=() {  KVMHOST=$1;
 shift;
 if [ "$KVMHOST" ]; then
 if [ "$KVMHOST" = "." ]; then
 URI="qemu:///system";
 else
 URI="qemu+ssh://$KVMHOST/system";
 fi;
 else
 URI="qemu:///system";
 fi;
 virsh --connect $URI $@
}
BASH_FUNC_ml%%=() {  module ml "$@"
}
BASH_FUNC_module%%=() {  eval `/usr/bin/tclsh8.6 /usr/lib/x86_64-linux-gnu/modulecmd.tcl sh "$@"`;
 _mlstatus=$?;
 return $_mlstatus
}
BASH_FUNC_resize%%=() {  eval `command resize`
}
BASH_FUNC_command_not_found_handle%%=() {  unset command_not_found_handle;
 if [[ "$IFS" != '
' ]]; then
 _command_not_found $*;
 fi;
 function dbg ()
 {
 [[ -n $CRICHTON_DEBUG ]] && echo $1 1>&2
 };
 SORT="/usr/bin/_SortBashRC";
 PATTERN='[0-9][0-9][0-9].*';
 if [[ -n $CRICHTON_DEBUG ]]; then
 modules=$($SORT $CRICHTON_SYS/$PATTERN $CRICHTON_USR/$PATTERN);
 else
 modules=$($SORT $CRICHTON_SYS/$PATTERN $CRICHTON_USR/$PATTERN 2>&-);
 fi;
 dbg "- Found $(/bin/echo $modules | /usr/bin/wc -w 2>&-) modules.";
 for mod in ${modules} _command_not_found;
 do
 dbg "-- $(/bin/basename $mod 2>&-)";
 CRICHTON_SYS=$CRICHTON_SYS CRICHTON_USR=$CRICHTON_USR "$mod" $*;
 exit=$?;
 dbg "[exit $exit]";
 [[ $exit == 255 ]] && {
 _command_not_found $1;
 break
 };
 [[ $exit == 0 ]] && break;
 done;
 return 127
}
BASH_FUNC_setpath%%=() {  if [ -f /usr/bin/pathfix ]; then
 pathfix_binary=/usr/bin/pathfix;
 else
 pathfix_binary=/usr/local/bin/pathfix;
 fi;
 new_PATH=`$pathfix_binary $@`;
 [ "$new_PATH" ] && PATH="$new_PATH";
 export PATH
}
BASH_FUNC__command_not_found%%=() {  echo "bash: $1: command not found" 1>&2
}
BASH_FUNC_colloq%%=() {  more /usr/local/alert/misc/coll
}
BASH_FUNC_gnu%%=() {  command gnu -u $LOGNAME $*
}
BASH_FUNC_purge%%=() {  rm -f *~ .*~ \#*\# tmp*
}
BASH_FUNC_setup%%=() {  source /usr/local/share/setup/setup.sh $*
} _=/usr/bin/env /usr/bin/cmake --build /afs/inf.ed.ac.uk/user/s27/s2761803/Desktop/MOB/mob-rob-cw1/build/Stage -- -j6 -l6
[1.187s] DEBUG:colcon.colcon_core.event_handler.log_command:Invoking command in '/afs/inf.ed.ac.uk/user/s27/s2761803/Desktop/MOB/mob-rob-cw1/build/Stage': BASH=/bin/sh TERM_PROGRAM=${TERM_PROGRAM}
BASH_FUNC_rvirsh%%=() {  KVMHOST=$1;
 shift;
 if [ "$KVMHOST" ]; then
 if [ "$KVMHOST" = "." ]; then
 URI="qemu:///system";
 else
 URI="qemu+ssh://$KVMHOST/system";
 fi;
 else
 URI="qemu:///system";
 fi;
 virsh --connect $URI $@
}
BASH_FUNC_ml%%=() {  module ml "$@"
}
BASH_FUNC_module%%=() {  eval `/usr/bin/tclsh8.6 /usr/lib/x86_64-linux-gnu/modulecmd.tcl sh "$@"`;
 _mlstatus=$?;
 return $_mlstatus
}
BASH_FUNC_resize%%=() {  eval `command resize`
}
BASH_FUNC_command_not_found_handle%%=() {  unset command_not_found_handle;
 if [[ "$IFS" != '
' ]]; then
 _command_not_found $*;
 fi;
 function dbg ()
 {
 [[ -n $CRICHTON_DEBUG ]] && echo $1 1>&2
 };
 SORT="/usr/bin/_SortBashRC";
 PATTERN='[0-9][0-9][0-9].*';
 if [[ -n $CRICHTON_DEBUG ]]; then
 modules=$($SORT $CRICHTON_SYS/$PATTERN $CRICHTON_USR/$PATTERN);
 else
 modules=$($SORT $CRICHTON_SYS/$PATTERN $CRICHTON_USR/$PATTERN 2>&-);
 fi;
 dbg "- Found $(/bin/echo $modules | /usr/bin/wc -w 2>&-) modules.";
 for mod in ${modules} _command_not_found;
 do
 dbg "-- $(/bin/basename $mod 2>&-)";
 CRICHTON_SYS=$CRICHTON_SYS CRICHTON_USR=$CRICHTON_USR "$mod" $*;
 exit=$?;
 dbg "[exit $exit]";
 [[ $exit == 255 ]] && {
 _command_not_found $1;
 break
 };
 [[ $exit == 0 ]] && break;
 done;
 return 127
}
BASH_FUNC_setpath%%=() {  if [ -f /usr/bin/pathfix ]; then
 pathfix_binary=/usr/bin/pathfix;
 else
 pathfix_binary=/usr/local/bin/pathfix;
 fi;
 new_PATH=`$pathfix_binary $@`;
 [ "$new_PATH" ] && PATH="$new_PATH";
 export PATH
}
BASH_FUNC__command_not_found%%=() {  echo "bash: $1: command not found" 1>&2
}
BASH_FUNC_colloq%%=() {  more /usr/local/alert/misc/coll
}
BASH_FUNC_gnu%%=() {  command gnu -u $LOGNAME $*
}
BASH_FUNC_purge%%=() {  rm -f *~ .*~ \#*\# tmp*
}
BASH_FUNC_setup%%=() {  source /usr/local/share/setup/setup.sh $*
} _=/usr/bin/env /usr/bin/cmake --install /afs/inf.ed.ac.uk/user/s27/s2761803/Desktop/MOB/mob-rob-cw1/build/Stage
[1.716s] Level 1:colcon.colcon_core.environment:create_environment_scripts_only(Stage)
[1.717s] DEBUG:colcon.colcon_core.event_handler.log_command:Invoked command in '/afs/inf.ed.ac.uk/user/s27/s2761803/Desktop/MOB/mob-rob-cw1/build/Stage' returned '0': BASH=/bin/sh TERM_PROGRAM=${TERM_PROGRAM}
BASH_FUNC_rvirsh%%=() {  KVMHOST=$1;
 shift;
 if [ "$KVMHOST" ]; then
 if [ "$KVMHOST" = "." ]; then
 URI="qemu:///system";
 else
 URI="qemu+ssh://$KVMHOST/system";
 fi;
 else
 URI="qemu:///system";
 fi;
 virsh --connect $URI $@
}
BASH_FUNC_ml%%=() {  module ml "$@"
}
BASH_FUNC_module%%=() {  eval `/usr/bin/tclsh8.6 /usr/lib/x86_64-linux-gnu/modulecmd.tcl sh "$@"`;
 _mlstatus=$?;
 return $_mlstatus
}
BASH_FUNC_resize%%=() {  eval `command resize`
}
BASH_FUNC_command_not_found_handle%%=() {  unset command_not_found_handle;
 if [[ "$IFS" != '
' ]]; then
 _command_not_found $*;
 fi;
 function dbg ()
 {
 [[ -n $CRICHTON_DEBUG ]] && echo $1 1>&2
 };
 SORT="/usr/bin/_SortBashRC";
 PATTERN='[0-9][0-9][0-9].*';
 if [[ -n $CRICHTON_DEBUG ]]; then
 modules=$($SORT $CRICHTON_SYS/$PATTERN $CRICHTON_USR/$PATTERN);
 else
 modules=$($SORT $CRICHTON_SYS/$PATTERN $CRICHTON_USR/$PATTERN 2>&-);
 fi;
 dbg "- Found $(/bin/echo $modules | /usr/bin/wc -w 2>&-) modules.";
 for mod in ${modules} _command_not_found;
 do
 dbg "-- $(/bin/basename $mod 2>&-)";
 CRICHTON_SYS=$CRICHTON_SYS CRICHTON_USR=$CRICHTON_USR "$mod" $*;
 exit=$?;
 dbg "[exit $exit]";
 [[ $exit == 255 ]] && {
 _command_not_found $1;
 break
 };
 [[ $exit == 0 ]] && break;
 done;
 return 127
}
BASH_FUNC_setpath%%=() {  if [ -f /usr/bin/pathfix ]; then
 pathfix_binary=/usr/bin/pathfix;
 else
 pathfix_binary=/usr/local/bin/pathfix;
 fi;
 new_PATH=`$pathfix_binary $@`;
 [ "$new_PATH" ] && PATH="$new_PATH";
 export PATH
}
BASH_FUNC__command_not_found%%=() {  echo "bash: $1: command not found" 1>&2
}
BASH_FUNC_colloq%%=() {  more /usr/local/alert/misc/coll
}
BASH_FUNC_gnu%%=() {  command gnu -u $LOGNAME $*
}
BASH_FUNC_purge%%=() {  rm -f *~ .*~ \#*\# tmp*
}
BASH_FUNC_setup%%=() {  source /usr/local/share/setup/setup.sh $*
} _=/usr/bin/env /usr/bin/cmake --install /afs/inf.ed.ac.uk/user/s27/s2761803/Desktop/MOB/mob-rob-cw1/build/Stage
[1.727s] Level 1:colcon.colcon_core.environment:checking '/afs/inf.ed.ac.uk/user/s27/s2761803/Desktop/MOB/mob-rob-cw1/install/Stage' for CMake module files
[1.729s] Level 1:colcon.colcon_core.environment:checking '/afs/inf.ed.ac.uk/user/s27/s2761803/Desktop/MOB/mob-rob-cw1/install/Stage' for CMake config files
[1.730s] Level 1:colcon.colcon_core.shell:create_environment_hook('Stage', 'cmake_prefix_path')
[1.730s] INFO:colcon.colcon_core.shell:Creating environment descriptor '/afs/inf.ed.ac.uk/user/s27/s2761803/Desktop/MOB/mob-rob-cw1/install/Stage/share/Stage/hook/cmake_prefix_path.dsv'
[1.739s] INFO:colcon.colcon_core.shell:Creating environment hook '/afs/inf.ed.ac.uk/user/s27/s2761803/Desktop/MOB/mob-rob-cw1/install/Stage/share/Stage/hook/cmake_prefix_path.sh'
[1.749s] Level 1:colcon.colcon_core.environment:checking '/afs/inf.ed.ac.uk/user/s27/s2761803/Desktop/MOB/mob-rob-cw1/install/Stage/lib'
[1.749s] Level 1:colcon.colcon_core.shell:create_environment_hook('Stage', 'ld_library_path_lib')
[1.750s] INFO:colcon.colcon_core.shell:Creating environment descriptor '/afs/inf.ed.ac.uk/user/s27/s2761803/Desktop/MOB/mob-rob-cw1/install/Stage/share/Stage/hook/ld_library_path_lib.dsv'
[1.758s] INFO:colcon.colcon_core.shell:Creating environment hook '/afs/inf.ed.ac.uk/user/s27/s2761803/Desktop/MOB/mob-rob-cw1/install/Stage/share/Stage/hook/ld_library_path_lib.sh'
[1.766s] Level 1:colcon.colcon_core.environment:checking '/afs/inf.ed.ac.uk/user/s27/s2761803/Desktop/MOB/mob-rob-cw1/install/Stage/bin'
[1.767s] Level 1:colcon.colcon_core.shell:create_environment_hook('Stage', 'path')
[1.767s] INFO:colcon.colcon_core.shell:Creating environment descriptor '/afs/inf.ed.ac.uk/user/s27/s2761803/Desktop/MOB/mob-rob-cw1/install/Stage/share/Stage/hook/path.dsv'
[1.775s] INFO:colcon.colcon_core.shell:Creating environment hook '/afs/inf.ed.ac.uk/user/s27/s2761803/Desktop/MOB/mob-rob-cw1/install/Stage/share/Stage/hook/path.sh'
[1.783s] Level 1:colcon.colcon_core.environment:checking '/afs/inf.ed.ac.uk/user/s27/s2761803/Desktop/MOB/mob-rob-cw1/install/Stage/lib/pkgconfig/Stage.pc'
[1.786s] Level 1:colcon.colcon_core.environment:checking '/afs/inf.ed.ac.uk/user/s27/s2761803/Desktop/MOB/mob-rob-cw1/install/Stage/lib/python3.10/site-packages'
[1.786s] Level 1:colcon.colcon_core.environment:checking '/afs/inf.ed.ac.uk/user/s27/s2761803/Desktop/MOB/mob-rob-cw1/install/Stage/bin'
[1.787s] Level 1:colcon.colcon_core.shell:create_environment_hook('Stage', 'pythonscriptspath')
[1.787s] INFO:colcon.colcon_core.shell:Creating environment descriptor '/afs/inf.ed.ac.uk/user/s27/s2761803/Desktop/MOB/mob-rob-cw1/install/Stage/share/Stage/hook/pythonscriptspath.dsv'
[1.796s] INFO:colcon.colcon_core.shell:Creating environment hook '/afs/inf.ed.ac.uk/user/s27/s2761803/Desktop/MOB/mob-rob-cw1/install/Stage/share/Stage/hook/pythonscriptspath.sh'
[1.805s] INFO:colcon.colcon_core.shell:Creating package descriptor '/afs/inf.ed.ac.uk/user/s27/s2761803/Desktop/MOB/mob-rob-cw1/install/Stage/share/Stage/package.dsv'
[1.815s] INFO:colcon.colcon_core.shell:Creating package script '/afs/inf.ed.ac.uk/user/s27/s2761803/Desktop/MOB/mob-rob-cw1/install/Stage/share/Stage/package.sh'
[1.829s] Level 1:colcon.colcon_core.environment:create_file_with_runtime_dependencies(/afs/inf.ed.ac.uk/user/s27/s2761803/Desktop/MOB/mob-rob-cw1/install/Stage/share/colcon-core/packages/Stage)
[1.838s] DEBUG:colcon.colcon_core.executor.sequential:run_until_complete 'Stage' finished with '0'
[1.838s] DEBUG:colcon.colcon_core.executor.sequential:run_until_complete 'pf_localisation'
[1.839s] INFO:colcon.colcon_ros.task.ament_cmake.build:Building ROS package in '/afs/inf.ed.ac.uk/user/s27/s2761803/Desktop/MOB/mob-rob-cw1/src/pf_localisation' with build type 'ament_cmake'
[1.840s] INFO:colcon.colcon_cmake.task.cmake.build:Building CMake package in '/afs/inf.ed.ac.uk/user/s27/s2761803/Desktop/MOB/mob-rob-cw1/src/pf_localisation'
[1.840s] DEBUG:colcon.colcon_core.shell:Skip shell extension 'dsv' for command environment
[1.896s] DEBUG:colcon.colcon_core.event_handler.log_command:Invoking command in '/afs/inf.ed.ac.uk/user/s27/s2761803/Desktop/MOB/mob-rob-cw1/build/pf_localisation': BASH=/bin/sh CMAKE_PREFIX_PATH=${CMAKE_PREFIX_PATH}:/afs/inf.ed.ac.uk/user/s27/s2761803/Desktop/MOB/mob-rob-cw1/install/socspioneer:/opt/ros/humble TERM_PROGRAM=${TERM_PROGRAM}
BASH_FUNC_rvirsh%%=() {  KVMHOST=$1;
 shift;
 if [ "$KVMHOST" ]; then
 if [ "$KVMHOST" = "." ]; then
 URI="qemu:///system";
 else
 URI="qemu+ssh://$KVMHOST/system";
 fi;
 else
 URI="qemu:///system";
 fi;
 virsh --connect $URI $@
}
BASH_FUNC_ml%%=() {  module ml "$@"
}
BASH_FUNC_module%%=() {  eval `/usr/bin/tclsh8.6 /usr/lib/x86_64-linux-gnu/modulecmd.tcl sh "$@"`;
 _mlstatus=$?;
 return $_mlstatus
}
BASH_FUNC_resize%%=() {  eval `command resize`
}
BASH_FUNC_command_not_found_handle%%=() {  unset command_not_found_handle;
 if [[ "$IFS" != '
' ]]; then
 _command_not_found $*;
 fi;
 function dbg ()
 {
 [[ -n $CRICHTON_DEBUG ]] && echo $1 1>&2
 };
 SORT="/usr/bin/_SortBashRC";
 PATTERN='[0-9][0-9][0-9].*';
 if [[ -n $CRICHTON_DEBUG ]]; then
 modules=$($SORT $CRICHTON_SYS/$PATTERN $CRICHTON_USR/$PATTERN);
 else
 modules=$($SORT $CRICHTON_SYS/$PATTERN $CRICHTON_USR/$PATTERN 2>&-);
 fi;
 dbg "- Found $(/bin/echo $modules | /usr/bin/wc -w 2>&-) modules.";
 for mod in ${modules} _command_not_found;
 do
 dbg "-- $(/bin/basename $mod 2>&-)";
 CRICHTON_SYS=$CRICHTON_SYS CRICHTON_USR=$CRICHTON_USR "$mod" $*;
 exit=$?;
 dbg "[exit $exit]";
 [[ $exit == 255 ]] && {
 _command_not_found $1;
 break
 };
 [[ $exit == 0 ]] && break;
 done;
 return 127
}
BASH_FUNC_setpath%%=() {  if [ -f /usr/bin/pathfix ]; then
 pathfix_binary=/usr/bin/pathfix;
 else
 pathfix_binary=/usr/local/bin/pathfix;
 fi;
 new_PATH=`$pathfix_binary $@`;
 [ "$new_PATH" ] && PATH="$new_PATH";
 export PATH
}
BASH_FUNC__command_not_found%%=() {  echo "bash: $1: command not found" 1>&2
}
BASH_FUNC_colloq%%=() {  more /usr/local/alert/misc/coll
}
BASH_FUNC_gnu%%=() {  command gnu -u $LOGNAME $*
}
BASH_FUNC_purge%%=() {  rm -f *~ .*~ \#*\# tmp*
}
BASH_FUNC_setup%%=() {  source /usr/local/share/setup/setup.sh $*
} _=/usr/bin/env /usr/bin/cmake --build /afs/inf.ed.ac.uk/user/s27/s2761803/Desktop/MOB/mob-rob-cw1/build/pf_localisation -- -j6 -l6
[2.490s] DEBUG:colcon.colcon_core.event_handler.log_command:Invoked command in '/afs/inf.ed.ac.uk/user/s27/s2761803/Desktop/MOB/mob-rob-cw1/build/pf_localisation' returned '0': BASH=/bin/sh CMAKE_PREFIX_PATH=${CMAKE_PREFIX_PATH}:/afs/inf.ed.ac.uk/user/s27/s2761803/Desktop/MOB/mob-rob-cw1/install/socspioneer:/opt/ros/humble TERM_PROGRAM=${TERM_PROGRAM}
BASH_FUNC_rvirsh%%=() {  KVMHOST=$1;
 shift;
 if [ "$KVMHOST" ]; then
 if [ "$KVMHOST" = "." ]; then
 URI="qemu:///system";
 else
 URI="qemu+ssh://$KVMHOST/system";
 fi;
 else
 URI="qemu:///system";
 fi;
 virsh --connect $URI $@
}
BASH_FUNC_ml%%=() {  module ml "$@"
}
BASH_FUNC_module%%=() {  eval `/usr/bin/tclsh8.6 /usr/lib/x86_64-linux-gnu/modulecmd.tcl sh "$@"`;
 _mlstatus=$?;
 return $_mlstatus
}
BASH_FUNC_resize%%=() {  eval `command resize`
}
BASH_FUNC_command_not_found_handle%%=() {  unset command_not_found_handle;
 if [[ "$IFS" != '
' ]]; then
 _command_not_found $*;
 fi;
 function dbg ()
 {
 [[ -n $CRICHTON_DEBUG ]] && echo $1 1>&2
 };
 SORT="/usr/bin/_SortBashRC";
 PATTERN='[0-9][0-9][0-9].*';
 if [[ -n $CRICHTON_DEBUG ]]; then
 modules=$($SORT $CRICHTON_SYS/$PATTERN $CRICHTON_USR/$PATTERN);
 else
 modules=$($SORT $CRICHTON_SYS/$PATTERN $CRICHTON_USR/$PATTERN 2>&-);
 fi;
 dbg "- Found $(/bin/echo $modules | /usr/bin/wc -w 2>&-) modules.";
 for mod in ${modules} _command_not_found;
 do
 dbg "-- $(/bin/basename $mod 2>&-)";
 CRICHTON_SYS=$CRICHTON_SYS CRICHTON_USR=$CRICHTON_USR "$mod" $*;
 exit=$?;
 dbg "[exit $exit]";
 [[ $exit == 255 ]] && {
 _command_not_found $1;
 break
 };
 [[ $exit == 0 ]] && break;
 done;
 return 127
}
BASH_FUNC_setpath%%=() {  if [ -f /usr/bin/pathfix ]; then
 pathfix_binary=/usr/bin/pathfix;
 else
 pathfix_binary=/usr/local/bin/pathfix;
 fi;
 new_PATH=`$pathfix_binary $@`;
 [ "$new_PATH" ] && PATH="$new_PATH";
 export PATH
}
BASH_FUNC__command_not_found%%=() {  echo "bash: $1: command not found" 1>&2
}
BASH_FUNC_colloq%%=() {  more /usr/local/alert/misc/coll
}
BASH_FUNC_gnu%%=() {  command gnu -u $LOGNAME $*
}
BASH_FUNC_purge%%=() {  rm -f *~ .*~ \#*\# tmp*
}
BASH_FUNC_setup%%=() {  source /usr/local/share/setup/setup.sh $*
} _=/usr/bin/env /usr/bin/cmake --build /afs/inf.ed.ac.uk/user/s27/s2761803/Desktop/MOB/mob-rob-cw1/build/pf_localisation -- -j6 -l6
[2.536s] DEBUG:colcon.colcon_core.event_handler.log_command:Invoking command in '/afs/inf.ed.ac.uk/user/s27/s2761803/Desktop/MOB/mob-rob-cw1/build/pf_localisation': BASH=/bin/sh CMAKE_PREFIX_PATH=${CMAKE_PREFIX_PATH}:/afs/inf.ed.ac.uk/user/s27/s2761803/Desktop/MOB/mob-rob-cw1/install/socspioneer:/opt/ros/humble TERM_PROGRAM=${TERM_PROGRAM}
BASH_FUNC_rvirsh%%=() {  KVMHOST=$1;
 shift;
 if [ "$KVMHOST" ]; then
 if [ "$KVMHOST" = "." ]; then
 URI="qemu:///system";
 else
 URI="qemu+ssh://$KVMHOST/system";
 fi;
 else
 URI="qemu:///system";
 fi;
 virsh --connect $URI $@
}
BASH_FUNC_ml%%=() {  module ml "$@"
}
BASH_FUNC_module%%=() {  eval `/usr/bin/tclsh8.6 /usr/lib/x86_64-linux-gnu/modulecmd.tcl sh "$@"`;
 _mlstatus=$?;
 return $_mlstatus
}
BASH_FUNC_resize%%=() {  eval `command resize`
}
BASH_FUNC_command_not_found_handle%%=() {  unset command_not_found_handle;
 if [[ "$IFS" != '
' ]]; then
 _command_not_found $*;
 fi;
 function dbg ()
 {
 [[ -n $CRICHTON_DEBUG ]] && echo $1 1>&2
 };
 SORT="/usr/bin/_SortBashRC";
 PATTERN='[0-9][0-9][0-9].*';
 if [[ -n $CRICHTON_DEBUG ]]; then
 modules=$($SORT $CRICHTON_SYS/$PATTERN $CRICHTON_USR/$PATTERN);
 else
 modules=$($SORT $CRICHTON_SYS/$PATTERN $CRICHTON_USR/$PATTERN 2>&-);
 fi;
 dbg "- Found $(/bin/echo $modules | /usr/bin/wc -w 2>&-) modules.";
 for mod in ${modules} _command_not_found;
 do
 dbg "-- $(/bin/basename $mod 2>&-)";
 CRICHTON_SYS=$CRICHTON_SYS CRICHTON_USR=$CRICHTON_USR "$mod" $*;
 exit=$?;
 dbg "[exit $exit]";
 [[ $exit == 255 ]] && {
 _command_not_found $1;
 break
 };
 [[ $exit == 0 ]] && break;
 done;
 return 127
}
BASH_FUNC_setpath%%=() {  if [ -f /usr/bin/pathfix ]; then
 pathfix_binary=/usr/bin/pathfix;
 else
 pathfix_binary=/usr/local/bin/pathfix;
 fi;
 new_PATH=`$pathfix_binary $@`;
 [ "$new_PATH" ] && PATH="$new_PATH";
 export PATH
}
BASH_FUNC__command_not_found%%=() {  echo "bash: $1: command not found" 1>&2
}
BASH_FUNC_colloq%%=() {  more /usr/local/alert/misc/coll
}
BASH_FUNC_gnu%%=() {  command gnu -u $LOGNAME $*
}
BASH_FUNC_purge%%=() {  rm -f *~ .*~ \#*\# tmp*
}
BASH_FUNC_setup%%=() {  source /usr/local/share/setup/setup.sh $*
} _=/usr/bin/env /usr/bin/cmake --install /afs/inf.ed.ac.uk/user/s27/s2761803/Desktop/MOB/mob-rob-cw1/build/pf_localisation
[2.620s] Level 1:colcon.colcon_core.environment:create_environment_scripts_only(pf_localisation)
[2.620s] DEBUG:colcon.colcon_core.event_handler.log_command:Invoked command in '/afs/inf.ed.ac.uk/user/s27/s2761803/Desktop/MOB/mob-rob-cw1/build/pf_localisation' returned '0': BASH=/bin/sh CMAKE_PREFIX_PATH=${CMAKE_PREFIX_PATH}:/afs/inf.ed.ac.uk/user/s27/s2761803/Desktop/MOB/mob-rob-cw1/install/socspioneer:/opt/ros/humble TERM_PROGRAM=${TERM_PROGRAM}
BASH_FUNC_rvirsh%%=() {  KVMHOST=$1;
 shift;
 if [ "$KVMHOST" ]; then
 if [ "$KVMHOST" = "." ]; then
 URI="qemu:///system";
 else
 URI="qemu+ssh://$KVMHOST/system";
 fi;
 else
 URI="qemu:///system";
 fi;
 virsh --connect $URI $@
}
BASH_FUNC_ml%%=() {  module ml "$@"
}
BASH_FUNC_module%%=() {  eval `/usr/bin/tclsh8.6 /usr/lib/x86_64-linux-gnu/modulecmd.tcl sh "$@"`;
 _mlstatus=$?;
 return $_mlstatus
}
BASH_FUNC_resize%%=() {  eval `command resize`
}
BASH_FUNC_command_not_found_handle%%=() {  unset command_not_found_handle;
 if [[ "$IFS" != '
' ]]; then
 _command_not_found $*;
 fi;
 function dbg ()
 {
 [[ -n $CRICHTON_DEBUG ]] && echo $1 1>&2
 };
 SORT="/usr/bin/_SortBashRC";
 PATTERN='[0-9][0-9][0-9].*';
 if [[ -n $CRICHTON_DEBUG ]]; then
 modules=$($SORT $CRICHTON_SYS/$PATTERN $CRICHTON_USR/$PATTERN);
 else
 modules=$($SORT $CRICHTON_SYS/$PATTERN $CRICHTON_USR/$PATTERN 2>&-);
 fi;
 dbg "- Found $(/bin/echo $modules | /usr/bin/wc -w 2>&-) modules.";
 for mod in ${modules} _command_not_found;
 do
 dbg "-- $(/bin/basename $mod 2>&-)";
 CRICHTON_SYS=$CRICHTON_SYS CRICHTON_USR=$CRICHTON_USR "$mod" $*;
 exit=$?;
 dbg "[exit $exit]";
 [[ $exit == 255 ]] && {
 _command_not_found $1;
 break
 };
 [[ $exit == 0 ]] && break;
 done;
 return 127
}
BASH_FUNC_setpath%%=() {  if [ -f /usr/bin/pathfix ]; then
 pathfix_binary=/usr/bin/pathfix;
 else
 pathfix_binary=/usr/local/bin/pathfix;
 fi;
 new_PATH=`$pathfix_binary $@`;
 [ "$new_PATH" ] && PATH="$new_PATH";
 export PATH
}
BASH_FUNC__command_not_found%%=() {  echo "bash: $1: command not found" 1>&2
}
BASH_FUNC_colloq%%=() {  more /usr/local/alert/misc/coll
}
BASH_FUNC_gnu%%=() {  command gnu -u $LOGNAME $*
}
BASH_FUNC_purge%%=() {  rm -f *~ .*~ \#*\# tmp*
}
BASH_FUNC_setup%%=() {  source /usr/local/share/setup/setup.sh $*
} _=/usr/bin/env /usr/bin/cmake --install /afs/inf.ed.ac.uk/user/s27/s2761803/Desktop/MOB/mob-rob-cw1/build/pf_localisation
[2.621s] Level 1:colcon.colcon_core.environment:checking '/afs/inf.ed.ac.uk/user/s27/s2761803/Desktop/MOB/mob-rob-cw1/install/pf_localisation' for CMake module files
[2.621s] Level 1:colcon.colcon_core.environment:checking '/afs/inf.ed.ac.uk/user/s27/s2761803/Desktop/MOB/mob-rob-cw1/install/pf_localisation' for CMake config files
[2.622s] Level 1:colcon.colcon_core.shell:create_environment_hook('pf_localisation', 'cmake_prefix_path')
[2.622s] INFO:colcon.colcon_core.shell:Creating environment descriptor '/afs/inf.ed.ac.uk/user/s27/s2761803/Desktop/MOB/mob-rob-cw1/install/pf_localisation/share/pf_localisation/hook/cmake_prefix_path.dsv'
[2.623s] INFO:colcon.colcon_core.shell:Creating environment hook '/afs/inf.ed.ac.uk/user/s27/s2761803/Desktop/MOB/mob-rob-cw1/install/pf_localisation/share/pf_localisation/hook/cmake_prefix_path.sh'
[2.625s] Level 1:colcon.colcon_core.environment:checking '/afs/inf.ed.ac.uk/user/s27/s2761803/Desktop/MOB/mob-rob-cw1/install/pf_localisation/lib'
[2.625s] Level 1:colcon.colcon_core.environment:checking '/afs/inf.ed.ac.uk/user/s27/s2761803/Desktop/MOB/mob-rob-cw1/install/pf_localisation/bin'
[2.625s] Level 1:colcon.colcon_core.environment:checking '/afs/inf.ed.ac.uk/user/s27/s2761803/Desktop/MOB/mob-rob-cw1/install/pf_localisation/lib/pkgconfig/pf_localisation.pc'
[2.625s] Level 1:colcon.colcon_core.environment:checking '/afs/inf.ed.ac.uk/user/s27/s2761803/Desktop/MOB/mob-rob-cw1/install/pf_localisation/lib/python3.10/site-packages'
[2.625s] Level 1:colcon.colcon_core.environment:checking '/afs/inf.ed.ac.uk/user/s27/s2761803/Desktop/MOB/mob-rob-cw1/install/pf_localisation/bin'
[2.625s] INFO:colcon.colcon_core.shell:Creating package descriptor '/afs/inf.ed.ac.uk/user/s27/s2761803/Desktop/MOB/mob-rob-cw1/install/pf_localisation/share/pf_localisation/package.dsv'
[2.627s] INFO:colcon.colcon_core.shell:Creating package script '/afs/inf.ed.ac.uk/user/s27/s2761803/Desktop/MOB/mob-rob-cw1/install/pf_localisation/share/pf_localisation/package.sh'
[2.628s] Level 1:colcon.colcon_core.environment:create_file_with_runtime_dependencies(/afs/inf.ed.ac.uk/user/s27/s2761803/Desktop/MOB/mob-rob-cw1/install/pf_localisation/share/colcon-core/packages/pf_localisation)
[2.676s] Level 1:colcon.colcon_core.environment:create_environment_scripts_only(pf_localisation)
[2.676s] Level 1:colcon.colcon_core.environment:checking '/afs/inf.ed.ac.uk/user/s27/s2761803/Desktop/MOB/mob-rob-cw1/install/pf_localisation' for CMake module files
[2.677s] Level 1:colcon.colcon_core.environment:checking '/afs/inf.ed.ac.uk/user/s27/s2761803/Desktop/MOB/mob-rob-cw1/install/pf_localisation' for CMake config files
[2.677s] Level 1:colcon.colcon_core.shell:create_environment_hook('pf_localisation', 'cmake_prefix_path')
[2.677s] INFO:colcon.colcon_core.shell:Creating environment descriptor '/afs/inf.ed.ac.uk/user/s27/s2761803/Desktop/MOB/mob-rob-cw1/install/pf_localisation/share/pf_localisation/hook/cmake_prefix_path.dsv'
[2.679s] INFO:colcon.colcon_core.shell:Creating environment hook '/afs/inf.ed.ac.uk/user/s27/s2761803/Desktop/MOB/mob-rob-cw1/install/pf_localisation/share/pf_localisation/hook/cmake_prefix_path.sh'
[2.681s] Level 1:colcon.colcon_core.environment:checking '/afs/inf.ed.ac.uk/user/s27/s2761803/Desktop/MOB/mob-rob-cw1/install/pf_localisation/lib'
[2.681s] Level 1:colcon.colcon_core.environment:checking '/afs/inf.ed.ac.uk/user/s27/s2761803/Desktop/MOB/mob-rob-cw1/install/pf_localisation/bin'
[2.681s] Level 1:colcon.colcon_core.environment:checking '/afs/inf.ed.ac.uk/user/s27/s2761803/Desktop/MOB/mob-rob-cw1/install/pf_localisation/lib/pkgconfig/pf_localisation.pc'
[2.681s] Level 1:colcon.colcon_core.environment:checking '/afs/inf.ed.ac.uk/user/s27/s2761803/Desktop/MOB/mob-rob-cw1/install/pf_localisation/lib/python3.10/site-packages'
[2.681s] Level 1:colcon.colcon_core.environment:checking '/afs/inf.ed.ac.uk/user/s27/s2761803/Desktop/MOB/mob-rob-cw1/install/pf_localisation/bin'
[2.682s] INFO:colcon.colcon_core.shell:Creating package descriptor '/afs/inf.ed.ac.uk/user/s27/s2761803/Desktop/MOB/mob-rob-cw1/install/pf_localisation/share/pf_localisation/package.dsv'
[2.683s] INFO:colcon.colcon_core.shell:Creating package script '/afs/inf.ed.ac.uk/user/s27/s2761803/Desktop/MOB/mob-rob-cw1/install/pf_localisation/share/pf_localisation/package.sh'
[2.685s] Level 1:colcon.colcon_core.environment:create_file_with_runtime_dependencies(/afs/inf.ed.ac.uk/user/s27/s2761803/Desktop/MOB/mob-rob-cw1/install/pf_localisation/share/colcon-core/packages/pf_localisation)
[2.686s] DEBUG:colcon.colcon_core.executor.sequential:run_until_complete 'pf_localisation' finished with '0'
[2.686s] DEBUG:colcon.colcon_core.executor.sequential:run_until_complete 'socspioneer'
[2.686s] INFO:colcon.colcon_ros.task.ament_python.build:Building ROS package in '/afs/inf.ed.ac.uk/user/s27/s2761803/Desktop/MOB/mob-rob-cw1/src/socspioneer' with build type 'ament_python'
[2.686s] Level 1:colcon.colcon_core.shell:create_environment_hook('socspioneer', 'ament_prefix_path')
[2.687s] INFO:colcon.colcon_core.shell:Creating environment descriptor '/afs/inf.ed.ac.uk/user/s27/s2761803/Desktop/MOB/mob-rob-cw1/install/socspioneer/share/socspioneer/hook/ament_prefix_path.dsv'
[2.688s] INFO:colcon.colcon_core.shell:Creating environment hook '/afs/inf.ed.ac.uk/user/s27/s2761803/Desktop/MOB/mob-rob-cw1/install/socspioneer/share/socspioneer/hook/ament_prefix_path.sh'
[2.689s] DEBUG:colcon.colcon_core.shell:Skip shell extension 'dsv' for command environment
[3.056s] INFO:colcon.colcon_core.task.python.build:Building Python package in '/afs/inf.ed.ac.uk/user/s27/s2761803/Desktop/MOB/mob-rob-cw1/src/socspioneer'
[3.057s] DEBUG:colcon.colcon_core.shell:Skip shell extension 'dsv' for command environment
[3.672s] DEBUG:colcon.colcon_core.event_handler.log_command:Invoking command in '/afs/inf.ed.ac.uk/user/s27/s2761803/Desktop/MOB/mob-rob-cw1/src/socspioneer': BASH=/bin/sh PYTHONPATH=/afs/inf.ed.ac.uk/user/s27/s2761803/Desktop/MOB/mob-rob-cw1/build/socspioneer/prefix_override:/usr/lib/python3/dist-packages/colcon_core/task/python/colcon_distutils_commands:/afs/inf.ed.ac.uk/user/s27/s2761803/Desktop/MOB/mob-rob-cw1/install/socspioneer/lib/python3.10/site-packages:${PYTHONPATH} TERM_PROGRAM=${TERM_PROGRAM}
BASH_FUNC_rvirsh%%=() {  KVMHOST=$1;
 shift;
 if [ "$KVMHOST" ]; then
 if [ "$KVMHOST" = "." ]; then
 URI="qemu:///system";
 else
 URI="qemu+ssh://$KVMHOST/system";
 fi;
 else
 URI="qemu:///system";
 fi;
 virsh --connect $URI $@
}
BASH_FUNC_ml%%=() {  module ml "$@"
}
BASH_FUNC_module%%=() {  eval `/usr/bin/tclsh8.6 /usr/lib/x86_64-linux-gnu/modulecmd.tcl sh "$@"`;
 _mlstatus=$?;
 return $_mlstatus
}
BASH_FUNC_resize%%=() {  eval `command resize`
}
BASH_FUNC_command_not_found_handle%%=() {  unset command_not_found_handle;
 if [[ "$IFS" != '
' ]]; then
 _command_not_found $*;
 fi;
 function dbg ()
 {
 [[ -n $CRICHTON_DEBUG ]] && echo $1 1>&2
 };
 SORT="/usr/bin/_SortBashRC";
 PATTERN='[0-9][0-9][0-9].*';
 if [[ -n $CRICHTON_DEBUG ]]; then
 modules=$($SORT $CRICHTON_SYS/$PATTERN $CRICHTON_USR/$PATTERN);
 else
 modules=$($SORT $CRICHTON_SYS/$PATTERN $CRICHTON_USR/$PATTERN 2>&-);
 fi;
 dbg "- Found $(/bin/echo $modules | /usr/bin/wc -w 2>&-) modules.";
 for mod in ${modules} _command_not_found;
 do
 dbg "-- $(/bin/basename $mod 2>&-)";
 CRICHTON_SYS=$CRICHTON_SYS CRICHTON_USR=$CRICHTON_USR "$mod" $*;
 exit=$?;
 dbg "[exit $exit]";
 [[ $exit == 255 ]] && {
 _command_not_found $1;
 break
 };
 [[ $exit == 0 ]] && break;
 done;
 return 127
}
BASH_FUNC_setpath%%=() {  if [ -f /usr/bin/pathfix ]; then
 pathfix_binary=/usr/bin/pathfix;
 else
 pathfix_binary=/usr/local/bin/pathfix;
 fi;
 new_PATH=`$pathfix_binary $@`;
 [ "$new_PATH" ] && PATH="$new_PATH";
 export PATH
}
BASH_FUNC__command_not_found%%=() {  echo "bash: $1: command not found" 1>&2
}
BASH_FUNC_colloq%%=() {  more /usr/local/alert/misc/coll
}
BASH_FUNC_gnu%%=() {  command gnu -u $LOGNAME $*
}
BASH_FUNC_purge%%=() {  rm -f *~ .*~ \#*\# tmp*
}
BASH_FUNC_setup%%=() {  source /usr/local/share/setup/setup.sh $*
} _=/usr/bin/env /usr/bin/python3 -W ignore:setup.py install is deprecated setup.py egg_info --egg-base ../../build/socspioneer build --build-base /afs/inf.ed.ac.uk/user/s27/s2761803/Desktop/MOB/mob-rob-cw1/build/socspioneer/build install --record /afs/inf.ed.ac.uk/user/s27/s2761803/Desktop/MOB/mob-rob-cw1/build/socspioneer/install.log --single-version-externally-managed install_data
[4.079s] Level 1:colcon.colcon_core.environment:checking '/afs/inf.ed.ac.uk/user/s27/s2761803/Desktop/MOB/mob-rob-cw1/install/socspioneer' for CMake module files
[4.080s] DEBUG:colcon.colcon_core.event_handler.log_command:Invoked command in '/afs/inf.ed.ac.uk/user/s27/s2761803/Desktop/MOB/mob-rob-cw1/src/socspioneer' returned '0': BASH=/bin/sh PYTHONPATH=/afs/inf.ed.ac.uk/user/s27/s2761803/Desktop/MOB/mob-rob-cw1/build/socspioneer/prefix_override:/usr/lib/python3/dist-packages/colcon_core/task/python/colcon_distutils_commands:/afs/inf.ed.ac.uk/user/s27/s2761803/Desktop/MOB/mob-rob-cw1/install/socspioneer/lib/python3.10/site-packages:${PYTHONPATH} TERM_PROGRAM=${TERM_PROGRAM}
BASH_FUNC_rvirsh%%=() {  KVMHOST=$1;
 shift;
 if [ "$KVMHOST" ]; then
 if [ "$KVMHOST" = "." ]; then
 URI="qemu:///system";
 else
 URI="qemu+ssh://$KVMHOST/system";
 fi;
 else
 URI="qemu:///system";
 fi;
 virsh --connect $URI $@
}
BASH_FUNC_ml%%=() {  module ml "$@"
}
BASH_FUNC_module%%=() {  eval `/usr/bin/tclsh8.6 /usr/lib/x86_64-linux-gnu/modulecmd.tcl sh "$@"`;
 _mlstatus=$?;
 return $_mlstatus
}
BASH_FUNC_resize%%=() {  eval `command resize`
}
BASH_FUNC_command_not_found_handle%%=() {  unset command_not_found_handle;
 if [[ "$IFS" != '
' ]]; then
 _command_not_found $*;
 fi;
 function dbg ()
 {
 [[ -n $CRICHTON_DEBUG ]] && echo $1 1>&2
 };
 SORT="/usr/bin/_SortBashRC";
 PATTERN='[0-9][0-9][0-9].*';
 if [[ -n $CRICHTON_DEBUG ]]; then
 modules=$($SORT $CRICHTON_SYS/$PATTERN $CRICHTON_USR/$PATTERN);
 else
 modules=$($SORT $CRICHTON_SYS/$PATTERN $CRICHTON_USR/$PATTERN 2>&-);
 fi;
 dbg "- Found $(/bin/echo $modules | /usr/bin/wc -w 2>&-) modules.";
 for mod in ${modules} _command_not_found;
 do
 dbg "-- $(/bin/basename $mod 2>&-)";
 CRICHTON_SYS=$CRICHTON_SYS CRICHTON_USR=$CRICHTON_USR "$mod" $*;
 exit=$?;
 dbg "[exit $exit]";
 [[ $exit == 255 ]] && {
 _command_not_found $1;
 break
 };
 [[ $exit == 0 ]] && break;
 done;
 return 127
}
BASH_FUNC_setpath%%=() {  if [ -f /usr/bin/pathfix ]; then
 pathfix_binary=/usr/bin/pathfix;
 else
 pathfix_binary=/usr/local/bin/pathfix;
 fi;
 new_PATH=`$pathfix_binary $@`;
 [ "$new_PATH" ] && PATH="$new_PATH";
 export PATH
}
BASH_FUNC__command_not_found%%=() {  echo "bash: $1: command not found" 1>&2
}
BASH_FUNC_colloq%%=() {  more /usr/local/alert/misc/coll
}
BASH_FUNC_gnu%%=() {  command gnu -u $LOGNAME $*
}
BASH_FUNC_purge%%=() {  rm -f *~ .*~ \#*\# tmp*
}
BASH_FUNC_setup%%=() {  source /usr/local/share/setup/setup.sh $*
} _=/usr/bin/env /usr/bin/python3 -W ignore:setup.py install is deprecated setup.py egg_info --egg-base ../../build/socspioneer build --build-base /afs/inf.ed.ac.uk/user/s27/s2761803/Desktop/MOB/mob-rob-cw1/build/socspioneer/build install --record /afs/inf.ed.ac.uk/user/s27/s2761803/Desktop/MOB/mob-rob-cw1/build/socspioneer/install.log --single-version-externally-managed install_data
[4.080s] Level 1:colcon.colcon_core.environment:checking '/afs/inf.ed.ac.uk/user/s27/s2761803/Desktop/MOB/mob-rob-cw1/install/socspioneer' for CMake config files
[4.081s] Level 1:colcon.colcon_core.environment:checking '/afs/inf.ed.ac.uk/user/s27/s2761803/Desktop/MOB/mob-rob-cw1/install/socspioneer/lib'
[4.082s] Level 1:colcon.colcon_core.environment:checking '/afs/inf.ed.ac.uk/user/s27/s2761803/Desktop/MOB/mob-rob-cw1/install/socspioneer/bin'
[4.082s] Level 1:colcon.colcon_core.environment:checking '/afs/inf.ed.ac.uk/user/s27/s2761803/Desktop/MOB/mob-rob-cw1/install/socspioneer/lib/pkgconfig/socspioneer.pc'
[4.082s] Level 1:colcon.colcon_core.environment:checking '/afs/inf.ed.ac.uk/user/s27/s2761803/Desktop/MOB/mob-rob-cw1/install/socspioneer/lib/python3.10/site-packages'
[4.082s] Level 1:colcon.colcon_core.shell:create_environment_hook('socspioneer', 'pythonpath')
[4.082s] INFO:colcon.colcon_core.shell:Creating environment descriptor '/afs/inf.ed.ac.uk/user/s27/s2761803/Desktop/MOB/mob-rob-cw1/install/socspioneer/share/socspioneer/hook/pythonpath.dsv'
[4.084s] INFO:colcon.colcon_core.shell:Creating environment hook '/afs/inf.ed.ac.uk/user/s27/s2761803/Desktop/MOB/mob-rob-cw1/install/socspioneer/share/socspioneer/hook/pythonpath.sh'
[4.085s] Level 1:colcon.colcon_core.environment:checking '/afs/inf.ed.ac.uk/user/s27/s2761803/Desktop/MOB/mob-rob-cw1/install/socspioneer/bin'
[4.085s] Level 1:colcon.colcon_core.environment:create_environment_scripts_only(socspioneer)
[4.086s] INFO:colcon.colcon_core.shell:Creating package descriptor '/afs/inf.ed.ac.uk/user/s27/s2761803/Desktop/MOB/mob-rob-cw1/install/socspioneer/share/socspioneer/package.dsv'
[4.087s] INFO:colcon.colcon_core.shell:Creating package script '/afs/inf.ed.ac.uk/user/s27/s2761803/Desktop/MOB/mob-rob-cw1/install/socspioneer/share/socspioneer/package.sh'
[4.089s] Level 1:colcon.colcon_core.environment:create_file_with_runtime_dependencies(/afs/inf.ed.ac.uk/user/s27/s2761803/Desktop/MOB/mob-rob-cw1/install/socspioneer/share/colcon-core/packages/socspioneer)
[4.090s] DEBUG:colcon.colcon_core.executor.sequential:run_until_complete 'socspioneer' finished with '0'
[4.090s] DEBUG:colcon.colcon_core.executor.sequential:run_until_complete 'stage_ros2'
[4.090s] INFO:colcon.colcon_ros.task.ament_cmake.build:Building ROS package in '/afs/inf.ed.ac.uk/user/s27/s2761803/Desktop/MOB/mob-rob-cw1/src/stage_ros2' with build type 'ament_cmake'
[4.090s] INFO:colcon.colcon_cmake.task.cmake.build:Building CMake package in '/afs/inf.ed.ac.uk/user/s27/s2761803/Desktop/MOB/mob-rob-cw1/src/stage_ros2'
[4.091s] DEBUG:colcon.colcon_core.shell:Skip shell extension 'dsv' for command environment
[4.108s] DEBUG:colcon.colcon_core.event_handler.log_command:Invoking command in '/afs/inf.ed.ac.uk/user/s27/s2761803/Desktop/MOB/mob-rob-cw1/build/stage_ros2': BASH=/bin/sh CMAKE_PREFIX_PATH=/afs/inf.ed.ac.uk/user/s27/s2761803/Desktop/MOB/mob-rob-cw1/install/Stage:/afs/inf.ed.ac.uk/user/s27/s2761803/Desktop/MOB/mob-rob-cw1/install/stage_ros2:/afs/inf.ed.ac.uk/user/s27/s2761803/Desktop/MOB/mob-rob-cw1/install/pf_localisation:/afs/inf.ed.ac.uk/user/s27/s2761803/Desktop/MOB/mob-rob-cw1/install/socspioneer:/opt/ros/humble LD_LIBRARY_PATH=/afs/inf.ed.ac.uk/user/s27/s2761803/Desktop/MOB/mob-rob-cw1/install/Stage/lib:/afs/inf.ed.ac.uk/user/s27/s2761803/Desktop/MOB/mob-rob-cw1/install/stage_ros2/lib:/usr/lib/x86_64-linux-gnu/gazebo-11/plugins:/opt/ros/humble/opt/rviz_ogre_vendor/lib:/opt/ros/humble/lib/x86_64-linux-gnu:/opt/ros/humble/lib TERM_PROGRAM=${TERM_PROGRAM}
BASH_FUNC_rvirsh%%=() {  KVMHOST=$1;
 shift;
 if [ "$KVMHOST" ]; then
 if [ "$KVMHOST" = "." ]; then
 URI="qemu:///system";
 else
 URI="qemu+ssh://$KVMHOST/system";
 fi;
 else
 URI="qemu:///system";
 fi;
 virsh --connect $URI $@
}
BASH_FUNC_ml%%=() {  module ml "$@"
}
BASH_FUNC_module%%=() {  eval `/usr/bin/tclsh8.6 /usr/lib/x86_64-linux-gnu/modulecmd.tcl sh "$@"`;
 _mlstatus=$?;
 return $_mlstatus
}
BASH_FUNC_resize%%=() {  eval `command resize`
}
BASH_FUNC_command_not_found_handle%%=() {  unset command_not_found_handle;
 if [[ "$IFS" != '
' ]]; then
 _command_not_found $*;
 fi;
 function dbg ()
 {
 [[ -n $CRICHTON_DEBUG ]] && echo $1 1>&2
 };
 SORT="/usr/bin/_SortBashRC";
 PATTERN='[0-9][0-9][0-9].*';
 if [[ -n $CRICHTON_DEBUG ]]; then
 modules=$($SORT $CRICHTON_SYS/$PATTERN $CRICHTON_USR/$PATTERN);
 else
 modules=$($SORT $CRICHTON_SYS/$PATTERN $CRICHTON_USR/$PATTERN 2>&-);
 fi;
 dbg "- Found $(/bin/echo $modules | /usr/bin/wc -w 2>&-) modules.";
 for mod in ${modules} _command_not_found;
 do
 dbg "-- $(/bin/basename $mod 2>&-)";
 CRICHTON_SYS=$CRICHTON_SYS CRICHTON_USR=$CRICHTON_USR "$mod" $*;
 exit=$?;
 dbg "[exit $exit]";
 [[ $exit == 255 ]] && {
 _command_not_found $1;
 break
 };
 [[ $exit == 0 ]] && break;
 done;
 return 127
}
BASH_FUNC_setpath%%=() {  if [ -f /usr/bin/pathfix ]; then
 pathfix_binary=/usr/bin/pathfix;
 else
 pathfix_binary=/usr/local/bin/pathfix;
 fi;
 new_PATH=`$pathfix_binary $@`;
 [ "$new_PATH" ] && PATH="$new_PATH";
 export PATH
}
BASH_FUNC__command_not_found%%=() {  echo "bash: $1: command not found" 1>&2
}
BASH_FUNC_colloq%%=() {  more /usr/local/alert/misc/coll
}
BASH_FUNC_gnu%%=() {  command gnu -u $LOGNAME $*
}
BASH_FUNC_purge%%=() {  rm -f *~ .*~ \#*\# tmp*
}
BASH_FUNC_setup%%=() {  source /usr/local/share/setup/setup.sh $*
} _=/usr/bin/env /usr/bin/cmake --build /afs/inf.ed.ac.uk/user/s27/s2761803/Desktop/MOB/mob-rob-cw1/build/stage_ros2 -- -j6 -l6
[4.232s] DEBUG:colcon.colcon_core.event_handler.log_command:Invoked command in '/afs/inf.ed.ac.uk/user/s27/s2761803/Desktop/MOB/mob-rob-cw1/build/stage_ros2' returned '0': BASH=/bin/sh CMAKE_PREFIX_PATH=/afs/inf.ed.ac.uk/user/s27/s2761803/Desktop/MOB/mob-rob-cw1/install/Stage:/afs/inf.ed.ac.uk/user/s27/s2761803/Desktop/MOB/mob-rob-cw1/install/stage_ros2:/afs/inf.ed.ac.uk/user/s27/s2761803/Desktop/MOB/mob-rob-cw1/install/pf_localisation:/afs/inf.ed.ac.uk/user/s27/s2761803/Desktop/MOB/mob-rob-cw1/install/socspioneer:/opt/ros/humble LD_LIBRARY_PATH=/afs/inf.ed.ac.uk/user/s27/s2761803/Desktop/MOB/mob-rob-cw1/install/Stage/lib:/afs/inf.ed.ac.uk/user/s27/s2761803/Desktop/MOB/mob-rob-cw1/install/stage_ros2/lib:/usr/lib/x86_64-linux-gnu/gazebo-11/plugins:/opt/ros/humble/opt/rviz_ogre_vendor/lib:/opt/ros/humble/lib/x86_64-linux-gnu:/opt/ros/humble/lib TERM_PROGRAM=${TERM_PROGRAM}
BASH_FUNC_rvirsh%%=() {  KVMHOST=$1;
 shift;
 if [ "$KVMHOST" ]; then
 if [ "$KVMHOST" = "." ]; then
 URI="qemu:///system";
 else
 URI="qemu+ssh://$KVMHOST/system";
 fi;
 else
 URI="qemu:///system";
 fi;
 virsh --connect $URI $@
}
BASH_FUNC_ml%%=() {  module ml "$@"
}
BASH_FUNC_module%%=() {  eval `/usr/bin/tclsh8.6 /usr/lib/x86_64-linux-gnu/modulecmd.tcl sh "$@"`;
 _mlstatus=$?;
 return $_mlstatus
}
BASH_FUNC_resize%%=() {  eval `command resize`
}
BASH_FUNC_command_not_found_handle%%=() {  unset command_not_found_handle;
 if [[ "$IFS" != '
' ]]; then
 _command_not_found $*;
 fi;
 function dbg ()
 {
 [[ -n $CRICHTON_DEBUG ]] && echo $1 1>&2
 };
 SORT="/usr/bin/_SortBashRC";
 PATTERN='[0-9][0-9][0-9].*';
 if [[ -n $CRICHTON_DEBUG ]]; then
 modules=$($SORT $CRICHTON_SYS/$PATTERN $CRICHTON_USR/$PATTERN);
 else
 modules=$($SORT $CRICHTON_SYS/$PATTERN $CRICHTON_USR/$PATTERN 2>&-);
 fi;
 dbg "- Found $(/bin/echo $modules | /usr/bin/wc -w 2>&-) modules.";
 for mod in ${modules} _command_not_found;
 do
 dbg "-- $(/bin/basename $mod 2>&-)";
 CRICHTON_SYS=$CRICHTON_SYS CRICHTON_USR=$CRICHTON_USR "$mod" $*;
 exit=$?;
 dbg "[exit $exit]";
 [[ $exit == 255 ]] && {
 _command_not_found $1;
 break
 };
 [[ $exit == 0 ]] && break;
 done;
 return 127
}
BASH_FUNC_setpath%%=() {  if [ -f /usr/bin/pathfix ]; then
 pathfix_binary=/usr/bin/pathfix;
 else
 pathfix_binary=/usr/local/bin/pathfix;
 fi;
 new_PATH=`$pathfix_binary $@`;
 [ "$new_PATH" ] && PATH="$new_PATH";
 export PATH
}
BASH_FUNC__command_not_found%%=() {  echo "bash: $1: command not found" 1>&2
}
BASH_FUNC_colloq%%=() {  more /usr/local/alert/misc/coll
}
BASH_FUNC_gnu%%=() {  command gnu -u $LOGNAME $*
}
BASH_FUNC_purge%%=() {  rm -f *~ .*~ \#*\# tmp*
}
BASH_FUNC_setup%%=() {  source /usr/local/share/setup/setup.sh $*
} _=/usr/bin/env /usr/bin/cmake --build /afs/inf.ed.ac.uk/user/s27/s2761803/Desktop/MOB/mob-rob-cw1/build/stage_ros2 -- -j6 -l6
[4.318s] DEBUG:colcon.colcon_core.event_handler.log_command:Invoking command in '/afs/inf.ed.ac.uk/user/s27/s2761803/Desktop/MOB/mob-rob-cw1/build/stage_ros2': BASH=/bin/sh CMAKE_PREFIX_PATH=/afs/inf.ed.ac.uk/user/s27/s2761803/Desktop/MOB/mob-rob-cw1/install/Stage:/afs/inf.ed.ac.uk/user/s27/s2761803/Desktop/MOB/mob-rob-cw1/install/stage_ros2:/afs/inf.ed.ac.uk/user/s27/s2761803/Desktop/MOB/mob-rob-cw1/install/pf_localisation:/afs/inf.ed.ac.uk/user/s27/s2761803/Desktop/MOB/mob-rob-cw1/install/socspioneer:/opt/ros/humble LD_LIBRARY_PATH=/afs/inf.ed.ac.uk/user/s27/s2761803/Desktop/MOB/mob-rob-cw1/install/Stage/lib:/afs/inf.ed.ac.uk/user/s27/s2761803/Desktop/MOB/mob-rob-cw1/install/stage_ros2/lib:/usr/lib/x86_64-linux-gnu/gazebo-11/plugins:/opt/ros/humble/opt/rviz_ogre_vendor/lib:/opt/ros/humble/lib/x86_64-linux-gnu:/opt/ros/humble/lib TERM_PROGRAM=${TERM_PROGRAM}
BASH_FUNC_rvirsh%%=() {  KVMHOST=$1;
 shift;
 if [ "$KVMHOST" ]; then
 if [ "$KVMHOST" = "." ]; then
 URI="qemu:///system";
 else
 URI="qemu+ssh://$KVMHOST/system";
 fi;
 else
 URI="qemu:///system";
 fi;
 virsh --connect $URI $@
}
BASH_FUNC_ml%%=() {  module ml "$@"
}
BASH_FUNC_module%%=() {  eval `/usr/bin/tclsh8.6 /usr/lib/x86_64-linux-gnu/modulecmd.tcl sh "$@"`;
 _mlstatus=$?;
 return $_mlstatus
}
BASH_FUNC_resize%%=() {  eval `command resize`
}
BASH_FUNC_command_not_found_handle%%=() {  unset command_not_found_handle;
 if [[ "$IFS" != '
' ]]; then
 _command_not_found $*;
 fi;
 function dbg ()
 {
 [[ -n $CRICHTON_DEBUG ]] && echo $1 1>&2
 };
 SORT="/usr/bin/_SortBashRC";
 PATTERN='[0-9][0-9][0-9].*';
 if [[ -n $CRICHTON_DEBUG ]]; then
 modules=$($SORT $CRICHTON_SYS/$PATTERN $CRICHTON_USR/$PATTERN);
 else
 modules=$($SORT $CRICHTON_SYS/$PATTERN $CRICHTON_USR/$PATTERN 2>&-);
 fi;
 dbg "- Found $(/bin/echo $modules | /usr/bin/wc -w 2>&-) modules.";
 for mod in ${modules} _command_not_found;
 do
 dbg "-- $(/bin/basename $mod 2>&-)";
 CRICHTON_SYS=$CRICHTON_SYS CRICHTON_USR=$CRICHTON_USR "$mod" $*;
 exit=$?;
 dbg "[exit $exit]";
 [[ $exit == 255 ]] && {
 _command_not_found $1;
 break
 };
 [[ $exit == 0 ]] && break;
 done;
 return 127
}
BASH_FUNC_setpath%%=() {  if [ -f /usr/bin/pathfix ]; then
 pathfix_binary=/usr/bin/pathfix;
 else
 pathfix_binary=/usr/local/bin/pathfix;
 fi;
 new_PATH=`$pathfix_binary $@`;
 [ "$new_PATH" ] && PATH="$new_PATH";
 export PATH
}
BASH_FUNC__command_not_found%%=() {  echo "bash: $1: command not found" 1>&2
}
BASH_FUNC_colloq%%=() {  more /usr/local/alert/misc/coll
}
BASH_FUNC_gnu%%=() {  command gnu -u $LOGNAME $*
}
BASH_FUNC_purge%%=() {  rm -f *~ .*~ \#*\# tmp*
}
BASH_FUNC_setup%%=() {  source /usr/local/share/setup/setup.sh $*
} _=/usr/bin/env /usr/bin/cmake --install /afs/inf.ed.ac.uk/user/s27/s2761803/Desktop/MOB/mob-rob-cw1/build/stage_ros2
[4.358s] Level 1:colcon.colcon_core.environment:create_environment_scripts_only(stage_ros2)
[4.358s] Level 1:colcon.colcon_core.environment:checking '/afs/inf.ed.ac.uk/user/s27/s2761803/Desktop/MOB/mob-rob-cw1/install/stage_ros2' for CMake module files
[4.359s] DEBUG:colcon.colcon_core.event_handler.log_command:Invoked command in '/afs/inf.ed.ac.uk/user/s27/s2761803/Desktop/MOB/mob-rob-cw1/build/stage_ros2' returned '0': BASH=/bin/sh CMAKE_PREFIX_PATH=/afs/inf.ed.ac.uk/user/s27/s2761803/Desktop/MOB/mob-rob-cw1/install/Stage:/afs/inf.ed.ac.uk/user/s27/s2761803/Desktop/MOB/mob-rob-cw1/install/stage_ros2:/afs/inf.ed.ac.uk/user/s27/s2761803/Desktop/MOB/mob-rob-cw1/install/pf_localisation:/afs/inf.ed.ac.uk/user/s27/s2761803/Desktop/MOB/mob-rob-cw1/install/socspioneer:/opt/ros/humble LD_LIBRARY_PATH=/afs/inf.ed.ac.uk/user/s27/s2761803/Desktop/MOB/mob-rob-cw1/install/Stage/lib:/afs/inf.ed.ac.uk/user/s27/s2761803/Desktop/MOB/mob-rob-cw1/install/stage_ros2/lib:/usr/lib/x86_64-linux-gnu/gazebo-11/plugins:/opt/ros/humble/opt/rviz_ogre_vendor/lib:/opt/ros/humble/lib/x86_64-linux-gnu:/opt/ros/humble/lib TERM_PROGRAM=${TERM_PROGRAM}
BASH_FUNC_rvirsh%%=() {  KVMHOST=$1;
 shift;
 if [ "$KVMHOST" ]; then
 if [ "$KVMHOST" = "." ]; then
 URI="qemu:///system";
 else
 URI="qemu+ssh://$KVMHOST/system";
 fi;
 else
 URI="qemu:///system";
 fi;
 virsh --connect $URI $@
}
BASH_FUNC_ml%%=() {  module ml "$@"
}
BASH_FUNC_module%%=() {  eval `/usr/bin/tclsh8.6 /usr/lib/x86_64-linux-gnu/modulecmd.tcl sh "$@"`;
 _mlstatus=$?;
 return $_mlstatus
}
BASH_FUNC_resize%%=() {  eval `command resize`
}
BASH_FUNC_command_not_found_handle%%=() {  unset command_not_found_handle;
 if [[ "$IFS" != '
' ]]; then
 _command_not_found $*;
 fi;
 function dbg ()
 {
 [[ -n $CRICHTON_DEBUG ]] && echo $1 1>&2
 };
 SORT="/usr/bin/_SortBashRC";
 PATTERN='[0-9][0-9][0-9].*';
 if [[ -n $CRICHTON_DEBUG ]]; then
 modules=$($SORT $CRICHTON_SYS/$PATTERN $CRICHTON_USR/$PATTERN);
 else
 modules=$($SORT $CRICHTON_SYS/$PATTERN $CRICHTON_USR/$PATTERN 2>&-);
 fi;
 dbg "- Found $(/bin/echo $modules | /usr/bin/wc -w 2>&-) modules.";
 for mod in ${modules} _command_not_found;
 do
 dbg "-- $(/bin/basename $mod 2>&-)";
 CRICHTON_SYS=$CRICHTON_SYS CRICHTON_USR=$CRICHTON_USR "$mod" $*;
 exit=$?;
 dbg "[exit $exit]";
 [[ $exit == 255 ]] && {
 _command_not_found $1;
 break
 };
 [[ $exit == 0 ]] && break;
 done;
 return 127
}
BASH_FUNC_setpath%%=() {  if [ -f /usr/bin/pathfix ]; then
 pathfix_binary=/usr/bin/pathfix;
 else
 pathfix_binary=/usr/local/bin/pathfix;
 fi;
 new_PATH=`$pathfix_binary $@`;
 [ "$new_PATH" ] && PATH="$new_PATH";
 export PATH
}
BASH_FUNC__command_not_found%%=() {  echo "bash: $1: command not found" 1>&2
}
BASH_FUNC_colloq%%=() {  more /usr/local/alert/misc/coll
}
BASH_FUNC_gnu%%=() {  command gnu -u $LOGNAME $*
}
BASH_FUNC_purge%%=() {  rm -f *~ .*~ \#*\# tmp*
}
BASH_FUNC_setup%%=() {  source /usr/local/share/setup/setup.sh $*
} _=/usr/bin/env /usr/bin/cmake --install /afs/inf.ed.ac.uk/user/s27/s2761803/Desktop/MOB/mob-rob-cw1/build/stage_ros2
[4.359s] Level 1:colcon.colcon_core.environment:checking '/afs/inf.ed.ac.uk/user/s27/s2761803/Desktop/MOB/mob-rob-cw1/install/stage_ros2' for CMake config files
[4.360s] Level 1:colcon.colcon_core.shell:create_environment_hook('stage_ros2', 'cmake_prefix_path')
[4.360s] INFO:colcon.colcon_core.shell:Creating environment descriptor '/afs/inf.ed.ac.uk/user/s27/s2761803/Desktop/MOB/mob-rob-cw1/install/stage_ros2/share/stage_ros2/hook/cmake_prefix_path.dsv'
[4.361s] INFO:colcon.colcon_core.shell:Creating environment hook '/afs/inf.ed.ac.uk/user/s27/s2761803/Desktop/MOB/mob-rob-cw1/install/stage_ros2/share/stage_ros2/hook/cmake_prefix_path.sh'
[4.364s] Level 1:colcon.colcon_core.environment:checking '/afs/inf.ed.ac.uk/user/s27/s2761803/Desktop/MOB/mob-rob-cw1/install/stage_ros2/lib'
[4.364s] Level 1:colcon.colcon_core.shell:create_environment_hook('stage_ros2', 'ld_library_path_lib')
[4.364s] INFO:colcon.colcon_core.shell:Creating environment descriptor '/afs/inf.ed.ac.uk/user/s27/s2761803/Desktop/MOB/mob-rob-cw1/install/stage_ros2/share/stage_ros2/hook/ld_library_path_lib.dsv'
[4.365s] INFO:colcon.colcon_core.shell:Creating environment hook '/afs/inf.ed.ac.uk/user/s27/s2761803/Desktop/MOB/mob-rob-cw1/install/stage_ros2/share/stage_ros2/hook/ld_library_path_lib.sh'
[4.366s] Level 1:colcon.colcon_core.environment:checking '/afs/inf.ed.ac.uk/user/s27/s2761803/Desktop/MOB/mob-rob-cw1/install/stage_ros2/bin'
[4.366s] Level 1:colcon.colcon_core.environment:checking '/afs/inf.ed.ac.uk/user/s27/s2761803/Desktop/MOB/mob-rob-cw1/install/stage_ros2/lib/pkgconfig/stage_ros2.pc'
[4.367s] Level 1:colcon.colcon_core.environment:checking '/afs/inf.ed.ac.uk/user/s27/s2761803/Desktop/MOB/mob-rob-cw1/install/stage_ros2/lib/python3.10/site-packages'
[4.367s] Level 1:colcon.colcon_core.environment:checking '/afs/inf.ed.ac.uk/user/s27/s2761803/Desktop/MOB/mob-rob-cw1/install/stage_ros2/bin'
[4.367s] INFO:colcon.colcon_core.shell:Creating package descriptor '/afs/inf.ed.ac.uk/user/s27/s2761803/Desktop/MOB/mob-rob-cw1/install/stage_ros2/share/stage_ros2/package.dsv'
[4.368s] INFO:colcon.colcon_core.shell:Creating package script '/afs/inf.ed.ac.uk/user/s27/s2761803/Desktop/MOB/mob-rob-cw1/install/stage_ros2/share/stage_ros2/package.sh'
[4.370s] Level 1:colcon.colcon_core.environment:create_file_with_runtime_dependencies(/afs/inf.ed.ac.uk/user/s27/s2761803/Desktop/MOB/mob-rob-cw1/install/stage_ros2/share/colcon-core/packages/stage_ros2)
[4.440s] Level 1:colcon.colcon_core.environment:create_environment_scripts_only(stage_ros2)
[4.440s] Level 1:colcon.colcon_core.environment:checking '/afs/inf.ed.ac.uk/user/s27/s2761803/Desktop/MOB/mob-rob-cw1/install/stage_ros2' for CMake module files
[4.441s] Level 1:colcon.colcon_core.environment:checking '/afs/inf.ed.ac.uk/user/s27/s2761803/Desktop/MOB/mob-rob-cw1/install/stage_ros2' for CMake config files
[4.441s] Level 1:colcon.colcon_core.shell:create_environment_hook('stage_ros2', 'cmake_prefix_path')
[4.441s] INFO:colcon.colcon_core.shell:Creating environment descriptor '/afs/inf.ed.ac.uk/user/s27/s2761803/Desktop/MOB/mob-rob-cw1/install/stage_ros2/share/stage_ros2/hook/cmake_prefix_path.dsv'
[4.443s] INFO:colcon.colcon_core.shell:Creating environment hook '/afs/inf.ed.ac.uk/user/s27/s2761803/Desktop/MOB/mob-rob-cw1/install/stage_ros2/share/stage_ros2/hook/cmake_prefix_path.sh'
[4.445s] Level 1:colcon.colcon_core.environment:checking '/afs/inf.ed.ac.uk/user/s27/s2761803/Desktop/MOB/mob-rob-cw1/install/stage_ros2/lib'
[4.445s] Level 1:colcon.colcon_core.shell:create_environment_hook('stage_ros2', 'ld_library_path_lib')
[4.445s] INFO:colcon.colcon_core.shell:Creating environment descriptor '/afs/inf.ed.ac.uk/user/s27/s2761803/Desktop/MOB/mob-rob-cw1/install/stage_ros2/share/stage_ros2/hook/ld_library_path_lib.dsv'
[4.447s] INFO:colcon.colcon_core.shell:Creating environment hook '/afs/inf.ed.ac.uk/user/s27/s2761803/Desktop/MOB/mob-rob-cw1/install/stage_ros2/share/stage_ros2/hook/ld_library_path_lib.sh'
[4.448s] Level 1:colcon.colcon_core.environment:checking '/afs/inf.ed.ac.uk/user/s27/s2761803/Desktop/MOB/mob-rob-cw1/install/stage_ros2/bin'
[4.448s] Level 1:colcon.colcon_core.environment:checking '/afs/inf.ed.ac.uk/user/s27/s2761803/Desktop/MOB/mob-rob-cw1/install/stage_ros2/lib/pkgconfig/stage_ros2.pc'
[4.448s] Level 1:colcon.colcon_core.environment:checking '/afs/inf.ed.ac.uk/user/s27/s2761803/Desktop/MOB/mob-rob-cw1/install/stage_ros2/lib/python3.10/site-packages'
[4.448s] Level 1:colcon.colcon_core.environment:checking '/afs/inf.ed.ac.uk/user/s27/s2761803/Desktop/MOB/mob-rob-cw1/install/stage_ros2/bin'
[4.449s] INFO:colcon.colcon_core.shell:Creating package descriptor '/afs/inf.ed.ac.uk/user/s27/s2761803/Desktop/MOB/mob-rob-cw1/install/stage_ros2/share/stage_ros2/package.dsv'
[4.450s] INFO:colcon.colcon_core.shell:Creating package script '/afs/inf.ed.ac.uk/user/s27/s2761803/Desktop/MOB/mob-rob-cw1/install/stage_ros2/share/stage_ros2/package.sh'
[4.452s] Level 1:colcon.colcon_core.environment:create_file_with_runtime_dependencies(/afs/inf.ed.ac.uk/user/s27/s2761803/Desktop/MOB/mob-rob-cw1/install/stage_ros2/share/colcon-core/packages/stage_ros2)
[4.453s] DEBUG:colcon.colcon_core.executor.sequential:run_until_complete 'stage_ros2' finished with '0'
[4.453s] DEBUG:colcon.colcon_core.executor.sequential:closing loop
[4.453s] DEBUG:colcon.colcon_core.executor.sequential:loop closed
[4.453s] DEBUG:colcon.colcon_core.event_reactor:joining thread
[4.453s] DEBUG:colcon.colcon_core.event_reactor:joined thread
[4.454s] INFO:colcon.colcon_core.shell:Creating prefix script '/afs/inf.ed.ac.uk/user/s27/s2761803/Desktop/MOB/mob-rob-cw1/install/local_setup.sh'
[4.456s] INFO:colcon.colcon_core.shell:Creating prefix util module '/afs/inf.ed.ac.uk/user/s27/s2761803/Desktop/MOB/mob-rob-cw1/install/_local_setup_util_sh.py'
[4.459s] INFO:colcon.colcon_core.shell:Creating prefix chain script '/afs/inf.ed.ac.uk/user/s27/s2761803/Desktop/MOB/mob-rob-cw1/install/setup.sh'
